<?xml version="1.0" encoding="utf-8"?>
<coverage line-rate="0.6516" branch-rate="0.569" version="1.9" timestamp="1768687418" lines-covered="2361" lines-valid="3623" branches-covered="643" branches-valid="1130">
  <sources>
    <source>/home/csmashe/RiderProjects/WebP/src/WebPScanner.Core/</source>
  </sources>
  <packages>
    <package name="WebPScanner.Core" line-rate="0.6516" branch-rate="0.569" complexity="1412">
      <classes>
        <class name="System.Text.RegularExpressions.Generated.&lt;RegexGenerator_g&gt;FD2D69DB1BA5A3D8766AF89DB91BA61B958BAD1B963040B71F7F25397D2C63ECD__UserAgentRegex_0" filename="obj/Debug/net9.0/System.Text.RegularExpressions.Generator/System.Text.RegularExpressions.Generator.RegexGenerator/RegexGenerator.g.cs" line-rate="0" branch-rate="1" complexity="2">
          <methods>
            <method name=".ctor" signature="()" line-rate="0" branch-rate="1" complexity="1">
              <lines>
                <line number="373" hits="0" branch="False" />
                <line number="374" hits="0" branch="False" />
                <line number="375" hits="0" branch="False" />
                <line number="376" hits="0" branch="False" />
                <line number="377" hits="0" branch="False" />
                <line number="378" hits="0" branch="False" />
                <line number="379" hits="0" branch="False" />
                <line number="380" hits="0" branch="False" />
                <line number="381" hits="0" branch="False" />
              </lines>
            </method>
            <method name=".cctor" signature="()" line-rate="0" branch-rate="1" complexity="1">
              <lines>
                <line number="370" hits="0" branch="False" />
              </lines>
            </method>
          </methods>
          <lines>
            <line number="373" hits="0" branch="False" />
            <line number="374" hits="0" branch="False" />
            <line number="375" hits="0" branch="False" />
            <line number="376" hits="0" branch="False" />
            <line number="377" hits="0" branch="False" />
            <line number="378" hits="0" branch="False" />
            <line number="379" hits="0" branch="False" />
            <line number="380" hits="0" branch="False" />
            <line number="381" hits="0" branch="False" />
            <line number="370" hits="0" branch="False" />
          </lines>
        </class>
        <class name="System.Text.RegularExpressions.Generated.&lt;RegexGenerator_g&gt;FD2D69DB1BA5A3D8766AF89DB91BA61B958BAD1B963040B71F7F25397D2C63ECD__UserAgentRegex_0/RunnerFactory" filename="obj/Debug/net9.0/System.Text.RegularExpressions.Generator/System.Text.RegularExpressions.Generator.RegexGenerator/RegexGenerator.g.cs" line-rate="0" branch-rate="1" complexity="1">
          <methods>
            <method name="CreateInstance" signature="()" line-rate="0" branch-rate="1" complexity="1">
              <lines>
                <line number="387" hits="0" branch="False" />
              </lines>
            </method>
          </methods>
          <lines>
            <line number="387" hits="0" branch="False" />
          </lines>
        </class>
        <class name="System.Text.RegularExpressions.Generated.&lt;RegexGenerator_g&gt;FD2D69DB1BA5A3D8766AF89DB91BA61B958BAD1B963040B71F7F25397D2C63ECD__UserAgentRegex_0/RunnerFactory/Runner" filename="obj/Debug/net9.0/System.Text.RegularExpressions.Generator/System.Text.RegularExpressions.Generator.RegexGenerator/RegexGenerator.g.cs" line-rate="0" branch-rate="0" complexity="40">
          <methods>
            <method name="Scan" signature="(System.ReadOnlySpan`1&lt;System.Char&gt;)" line-rate="0" branch-rate="0" complexity="4">
              <lines>
                <line number="395" hits="0" branch="False" />
                <line number="397" hits="0" branch="True" condition-coverage="0% (0/4)">
                  <conditions>
                    <condition number="8" type="jump" coverage="0%" />
                    <condition number="25" type="jump" coverage="0%" />
                  </conditions>
                </line>
                <line number="398" hits="0" branch="False" />
                <line number="399" hits="0" branch="False" />
                <line number="400" hits="0" branch="False" />
                <line number="401" hits="0" branch="False" />
              </lines>
            </method>
            <method name="TryFindNextPossibleStartingPosition" signature="(System.ReadOnlySpan`1&lt;System.Char&gt;)" line-rate="0" branch-rate="0" complexity="4">
              <lines>
                <line number="407" hits="0" branch="False" />
                <line number="408" hits="0" branch="False" />
                <line number="411" hits="0" branch="True" condition-coverage="0% (0/2)">
                  <conditions>
                    <condition number="26" type="jump" coverage="0%" />
                  </conditions>
                </line>
                <line number="412" hits="0" branch="False" />
                <line number="414" hits="0" branch="True" condition-coverage="0% (0/2)">
                  <conditions>
                    <condition number="35" type="jump" coverage="0%" />
                  </conditions>
                </line>
                <line number="415" hits="0" branch="False" />
                <line number="416" hits="0" branch="False" />
                <line number="418" hits="0" branch="False" />
                <line number="421" hits="0" branch="False" />
                <line number="422" hits="0" branch="False" />
                <line number="423" hits="0" branch="False" />
              </lines>
            </method>
            <method name="TryMatchAtCurrentPosition" signature="(System.ReadOnlySpan`1&lt;System.Char&gt;)" line-rate="0" branch-rate="0" complexity="30">
              <lines>
                <line number="429" hits="0" branch="False" />
                <line number="430" hits="0" branch="False" />
                <line number="431" hits="0" branch="False" />
                <line number="432" hits="0" branch="False" />
                <line number="433" hits="0" branch="False" />
                <line number="434" hits="0" branch="False" />
                <line number="435" hits="0" branch="False" />
                <line number="436" hits="0" branch="False" />
                <line number="437" hits="0" branch="False" />
                <line number="440" hits="0" branch="True" condition-coverage="0% (0/2)">
                  <conditions>
                    <condition number="47" type="jump" coverage="0%" />
                  </conditions>
                </line>
                <line number="441" hits="0" branch="False" />
                <line number="442" hits="0" branch="False" />
                <line number="443" hits="0" branch="False" />
                <line number="446" hits="0" branch="True" condition-coverage="0% (0/4)">
                  <conditions>
                    <condition number="75" type="jump" coverage="0%" />
                    <condition number="105" type="jump" coverage="0%" />
                  </conditions>
                </line>
                <line number="447" hits="0" branch="False" />
                <line number="448" hits="0" branch="False" />
                <line number="449" hits="0" branch="False" />
                <line number="450" hits="0" branch="False" />
                <line number="455" hits="0" branch="False" />
                <line number="456" hits="0" branch="False" />
                <line number="457" hits="0" branch="False" />
                <line number="459" hits="0" branch="False" />
                <line number="460" hits="0" branch="True" condition-coverage="0% (0/4)">
                  <conditions>
                    <condition number="188" type="jump" coverage="0%" />
                    <condition number="164" type="jump" coverage="0%" />
                  </conditions>
                </line>
                <line number="461" hits="0" branch="False" />
                <line number="462" hits="0" branch="False" />
                <line number="463" hits="0" branch="False" />
                <line number="465" hits="0" branch="False" />
                <line number="466" hits="0" branch="False" />
                <line number="468" hits="0" branch="False" />
                <line number="469" hits="0" branch="False" />
                <line number="471" hits="0" branch="False" />
                <line number="472" hits="0" branch="False" />
                <line number="474" hits="0" branch="True" condition-coverage="0% (0/2)">
                  <conditions>
                    <condition number="229" type="jump" coverage="0%" />
                  </conditions>
                </line>
                <line number="475" hits="0" branch="False" />
                <line number="476" hits="0" branch="False" />
                <line number="477" hits="0" branch="False" />
                <line number="479" hits="0" branch="True" condition-coverage="0% (0/4)">
                  <conditions>
                    <condition number="244" type="jump" coverage="0%" />
                    <condition number="280" type="jump" coverage="0%" />
                  </conditions>
                </line>
                <line number="480" hits="0" branch="False" />
                <line number="481" hits="0" branch="False" />
                <line number="482" hits="0" branch="False" />
                <line number="483" hits="0" branch="False" />
                <line number="485" hits="0" branch="False" />
                <line number="486" hits="0" branch="False" />
                <line number="487" hits="0" branch="False" />
                <line number="489" hits="0" branch="False" />
                <line number="490" hits="0" branch="False" />
                <line number="495" hits="0" branch="False" />
                <line number="499" hits="0" branch="False" />
                <line number="501" hits="0" branch="False" />
                <line number="502" hits="0" branch="True" condition-coverage="0% (0/2)">
                  <conditions>
                    <condition number="352" type="jump" coverage="0%" />
                  </conditions>
                </line>
                <line number="503" hits="0" branch="False" />
                <line number="504" hits="0" branch="False" />
                <line number="505" hits="0" branch="False" />
                <line number="507" hits="0" branch="True" condition-coverage="0% (0/2)">
                  <conditions>
                    <condition number="374" type="jump" coverage="0%" />
                  </conditions>
                </line>
                <line number="508" hits="0" branch="False" />
                <line number="509" hits="0" branch="False" />
                <line number="512" hits="0" branch="False" />
                <line number="513" hits="0" branch="False" />
                <line number="515" hits="0" branch="False" />
                <line number="516" hits="0" branch="False" />
                <line number="517" hits="0" branch="False" />
                <line number="519" hits="0" branch="False" />
                <line number="520" hits="0" branch="False" />
                <line number="522" hits="0" branch="True" condition-coverage="0% (0/2)">
                  <conditions>
                    <condition number="428" type="jump" coverage="0%" />
                  </conditions>
                </line>
                <line number="523" hits="0" branch="False" />
                <line number="524" hits="0" branch="False" />
                <line number="525" hits="0" branch="False" />
                <line number="527" hits="0" branch="True" condition-coverage="0% (0/2)">
                  <conditions>
                    <condition number="452" type="jump" coverage="0%" />
                  </conditions>
                </line>
                <line number="528" hits="0" branch="False" />
                <line number="529" hits="0" branch="False" />
                <line number="531" hits="0" branch="False" />
                <line number="532" hits="0" branch="False" />
                <line number="534" hits="0" branch="False" />
                <line number="535" hits="0" branch="False" />
                <line number="538" hits="0" branch="False" />
                <line number="540" hits="0" branch="False" />
                <line number="542" hits="0" branch="False" />
                <line number="543" hits="0" branch="False" />
                <line number="545" hits="0" branch="False" />
                <line number="549" hits="0" branch="True" condition-coverage="0% (0/6)">
                  <conditions>
                    <condition number="514" type="jump" coverage="0%" />
                    <condition number="524" type="jump" coverage="0%" />
                    <condition number="552" type="jump" coverage="0%" />
                  </conditions>
                </line>
                <line number="550" hits="0" branch="False" />
                <line number="551" hits="0" branch="False" />
                <line number="555" hits="0" branch="False" />
                <line number="556" hits="0" branch="False" />
                <line number="557" hits="0" branch="False" />
                <line number="568" hits="0" branch="False" />
              </lines>
            </method>
            <method name="&lt;TryMatchAtCurrentPosition&gt;g__UncaptureUntil|2_0" signature="(System.Int32)" line-rate="0" branch-rate="0" complexity="2">
              <lines>
                <line number="562" hits="0" branch="False" />
                <line number="563" hits="0" branch="True" condition-coverage="0% (0/2)">
                  <conditions>
                    <condition number="23" type="jump" coverage="0%" />
                  </conditions>
                </line>
                <line number="564" hits="0" branch="False" />
                <line number="565" hits="0" branch="False" />
                <line number="566" hits="0" branch="False" />
                <line number="567" hits="0" branch="False" />
              </lines>
            </method>
          </methods>
          <lines>
            <line number="395" hits="0" branch="False" />
            <line number="397" hits="0" branch="True" condition-coverage="0% (0/4)">
              <conditions>
                <condition number="8" type="jump" coverage="0%" />
                <condition number="25" type="jump" coverage="0%" />
              </conditions>
            </line>
            <line number="398" hits="0" branch="False" />
            <line number="399" hits="0" branch="False" />
            <line number="400" hits="0" branch="False" />
            <line number="401" hits="0" branch="False" />
            <line number="407" hits="0" branch="False" />
            <line number="408" hits="0" branch="False" />
            <line number="411" hits="0" branch="True" condition-coverage="0% (0/2)">
              <conditions>
                <condition number="26" type="jump" coverage="0%" />
              </conditions>
            </line>
            <line number="412" hits="0" branch="False" />
            <line number="414" hits="0" branch="True" condition-coverage="0% (0/2)">
              <conditions>
                <condition number="35" type="jump" coverage="0%" />
              </conditions>
            </line>
            <line number="415" hits="0" branch="False" />
            <line number="416" hits="0" branch="False" />
            <line number="418" hits="0" branch="False" />
            <line number="421" hits="0" branch="False" />
            <line number="422" hits="0" branch="False" />
            <line number="423" hits="0" branch="False" />
            <line number="429" hits="0" branch="False" />
            <line number="430" hits="0" branch="False" />
            <line number="431" hits="0" branch="False" />
            <line number="432" hits="0" branch="False" />
            <line number="433" hits="0" branch="False" />
            <line number="434" hits="0" branch="False" />
            <line number="435" hits="0" branch="False" />
            <line number="436" hits="0" branch="False" />
            <line number="437" hits="0" branch="False" />
            <line number="440" hits="0" branch="True" condition-coverage="0% (0/2)">
              <conditions>
                <condition number="47" type="jump" coverage="0%" />
              </conditions>
            </line>
            <line number="441" hits="0" branch="False" />
            <line number="442" hits="0" branch="False" />
            <line number="443" hits="0" branch="False" />
            <line number="446" hits="0" branch="True" condition-coverage="0% (0/4)">
              <conditions>
                <condition number="75" type="jump" coverage="0%" />
                <condition number="105" type="jump" coverage="0%" />
              </conditions>
            </line>
            <line number="447" hits="0" branch="False" />
            <line number="448" hits="0" branch="False" />
            <line number="449" hits="0" branch="False" />
            <line number="450" hits="0" branch="False" />
            <line number="455" hits="0" branch="False" />
            <line number="456" hits="0" branch="False" />
            <line number="457" hits="0" branch="False" />
            <line number="459" hits="0" branch="False" />
            <line number="460" hits="0" branch="True" condition-coverage="0% (0/4)">
              <conditions>
                <condition number="188" type="jump" coverage="0%" />
                <condition number="164" type="jump" coverage="0%" />
              </conditions>
            </line>
            <line number="461" hits="0" branch="False" />
            <line number="462" hits="0" branch="False" />
            <line number="463" hits="0" branch="False" />
            <line number="465" hits="0" branch="False" />
            <line number="466" hits="0" branch="False" />
            <line number="468" hits="0" branch="False" />
            <line number="469" hits="0" branch="False" />
            <line number="471" hits="0" branch="False" />
            <line number="472" hits="0" branch="False" />
            <line number="474" hits="0" branch="True" condition-coverage="0% (0/2)">
              <conditions>
                <condition number="229" type="jump" coverage="0%" />
              </conditions>
            </line>
            <line number="475" hits="0" branch="False" />
            <line number="476" hits="0" branch="False" />
            <line number="477" hits="0" branch="False" />
            <line number="479" hits="0" branch="True" condition-coverage="0% (0/4)">
              <conditions>
                <condition number="244" type="jump" coverage="0%" />
                <condition number="280" type="jump" coverage="0%" />
              </conditions>
            </line>
            <line number="480" hits="0" branch="False" />
            <line number="481" hits="0" branch="False" />
            <line number="482" hits="0" branch="False" />
            <line number="483" hits="0" branch="False" />
            <line number="485" hits="0" branch="False" />
            <line number="486" hits="0" branch="False" />
            <line number="487" hits="0" branch="False" />
            <line number="489" hits="0" branch="False" />
            <line number="490" hits="0" branch="False" />
            <line number="495" hits="0" branch="False" />
            <line number="499" hits="0" branch="False" />
            <line number="501" hits="0" branch="False" />
            <line number="502" hits="0" branch="True" condition-coverage="0% (0/2)">
              <conditions>
                <condition number="352" type="jump" coverage="0%" />
              </conditions>
            </line>
            <line number="503" hits="0" branch="False" />
            <line number="504" hits="0" branch="False" />
            <line number="505" hits="0" branch="False" />
            <line number="507" hits="0" branch="True" condition-coverage="0% (0/2)">
              <conditions>
                <condition number="374" type="jump" coverage="0%" />
              </conditions>
            </line>
            <line number="508" hits="0" branch="False" />
            <line number="509" hits="0" branch="False" />
            <line number="512" hits="0" branch="False" />
            <line number="513" hits="0" branch="False" />
            <line number="515" hits="0" branch="False" />
            <line number="516" hits="0" branch="False" />
            <line number="517" hits="0" branch="False" />
            <line number="519" hits="0" branch="False" />
            <line number="520" hits="0" branch="False" />
            <line number="522" hits="0" branch="True" condition-coverage="0% (0/2)">
              <conditions>
                <condition number="428" type="jump" coverage="0%" />
              </conditions>
            </line>
            <line number="523" hits="0" branch="False" />
            <line number="524" hits="0" branch="False" />
            <line number="525" hits="0" branch="False" />
            <line number="527" hits="0" branch="True" condition-coverage="0% (0/2)">
              <conditions>
                <condition number="452" type="jump" coverage="0%" />
              </conditions>
            </line>
            <line number="528" hits="0" branch="False" />
            <line number="529" hits="0" branch="False" />
            <line number="531" hits="0" branch="False" />
            <line number="532" hits="0" branch="False" />
            <line number="534" hits="0" branch="False" />
            <line number="535" hits="0" branch="False" />
            <line number="538" hits="0" branch="False" />
            <line number="540" hits="0" branch="False" />
            <line number="542" hits="0" branch="False" />
            <line number="543" hits="0" branch="False" />
            <line number="545" hits="0" branch="False" />
            <line number="549" hits="0" branch="True" condition-coverage="0% (0/6)">
              <conditions>
                <condition number="514" type="jump" coverage="0%" />
                <condition number="524" type="jump" coverage="0%" />
                <condition number="552" type="jump" coverage="0%" />
              </conditions>
            </line>
            <line number="550" hits="0" branch="False" />
            <line number="551" hits="0" branch="False" />
            <line number="555" hits="0" branch="False" />
            <line number="556" hits="0" branch="False" />
            <line number="557" hits="0" branch="False" />
            <line number="568" hits="0" branch="False" />
            <line number="562" hits="0" branch="False" />
            <line number="563" hits="0" branch="True" condition-coverage="0% (0/2)">
              <conditions>
                <condition number="23" type="jump" coverage="0%" />
              </conditions>
            </line>
            <line number="564" hits="0" branch="False" />
            <line number="565" hits="0" branch="False" />
            <line number="566" hits="0" branch="False" />
            <line number="567" hits="0" branch="False" />
          </lines>
        </class>
        <class name="System.Text.RegularExpressions.Generated.&lt;RegexGenerator_g&gt;FD2D69DB1BA5A3D8766AF89DB91BA61B958BAD1B963040B71F7F25397D2C63ECD__DisallowRegex_1" filename="obj/Debug/net9.0/System.Text.RegularExpressions.Generator/System.Text.RegularExpressions.Generator.RegexGenerator/RegexGenerator.g.cs" line-rate="0" branch-rate="1" complexity="2">
          <methods>
            <method name=".ctor" signature="()" line-rate="0" branch-rate="1" complexity="1">
              <lines>
                <line number="582" hits="0" branch="False" />
                <line number="583" hits="0" branch="False" />
                <line number="584" hits="0" branch="False" />
                <line number="585" hits="0" branch="False" />
                <line number="586" hits="0" branch="False" />
                <line number="587" hits="0" branch="False" />
                <line number="588" hits="0" branch="False" />
                <line number="589" hits="0" branch="False" />
                <line number="590" hits="0" branch="False" />
              </lines>
            </method>
            <method name=".cctor" signature="()" line-rate="0" branch-rate="1" complexity="1">
              <lines>
                <line number="579" hits="0" branch="False" />
              </lines>
            </method>
          </methods>
          <lines>
            <line number="582" hits="0" branch="False" />
            <line number="583" hits="0" branch="False" />
            <line number="584" hits="0" branch="False" />
            <line number="585" hits="0" branch="False" />
            <line number="586" hits="0" branch="False" />
            <line number="587" hits="0" branch="False" />
            <line number="588" hits="0" branch="False" />
            <line number="589" hits="0" branch="False" />
            <line number="590" hits="0" branch="False" />
            <line number="579" hits="0" branch="False" />
          </lines>
        </class>
        <class name="System.Text.RegularExpressions.Generated.&lt;RegexGenerator_g&gt;FD2D69DB1BA5A3D8766AF89DB91BA61B958BAD1B963040B71F7F25397D2C63ECD__DisallowRegex_1/RunnerFactory" filename="obj/Debug/net9.0/System.Text.RegularExpressions.Generator/System.Text.RegularExpressions.Generator.RegexGenerator/RegexGenerator.g.cs" line-rate="0" branch-rate="1" complexity="1">
          <methods>
            <method name="CreateInstance" signature="()" line-rate="0" branch-rate="1" complexity="1">
              <lines>
                <line number="596" hits="0" branch="False" />
              </lines>
            </method>
          </methods>
          <lines>
            <line number="596" hits="0" branch="False" />
          </lines>
        </class>
        <class name="System.Text.RegularExpressions.Generated.&lt;RegexGenerator_g&gt;FD2D69DB1BA5A3D8766AF89DB91BA61B958BAD1B963040B71F7F25397D2C63ECD__DisallowRegex_1/RunnerFactory/Runner" filename="obj/Debug/net9.0/System.Text.RegularExpressions.Generator/System.Text.RegularExpressions.Generator.RegexGenerator/RegexGenerator.g.cs" line-rate="0" branch-rate="0" complexity="36">
          <methods>
            <method name="Scan" signature="(System.ReadOnlySpan`1&lt;System.Char&gt;)" line-rate="0" branch-rate="0" complexity="4">
              <lines>
                <line number="604" hits="0" branch="False" />
                <line number="606" hits="0" branch="True" condition-coverage="0% (0/4)">
                  <conditions>
                    <condition number="8" type="jump" coverage="0%" />
                    <condition number="25" type="jump" coverage="0%" />
                  </conditions>
                </line>
                <line number="607" hits="0" branch="False" />
                <line number="608" hits="0" branch="False" />
                <line number="609" hits="0" branch="False" />
                <line number="610" hits="0" branch="False" />
              </lines>
            </method>
            <method name="TryFindNextPossibleStartingPosition" signature="(System.ReadOnlySpan`1&lt;System.Char&gt;)" line-rate="0" branch-rate="0" complexity="4">
              <lines>
                <line number="616" hits="0" branch="False" />
                <line number="617" hits="0" branch="False" />
                <line number="620" hits="0" branch="True" condition-coverage="0% (0/2)">
                  <conditions>
                    <condition number="26" type="jump" coverage="0%" />
                  </conditions>
                </line>
                <line number="621" hits="0" branch="False" />
                <line number="623" hits="0" branch="True" condition-coverage="0% (0/2)">
                  <conditions>
                    <condition number="35" type="jump" coverage="0%" />
                  </conditions>
                </line>
                <line number="624" hits="0" branch="False" />
                <line number="625" hits="0" branch="False" />
                <line number="627" hits="0" branch="False" />
                <line number="630" hits="0" branch="False" />
                <line number="631" hits="0" branch="False" />
                <line number="632" hits="0" branch="False" />
              </lines>
            </method>
            <method name="TryMatchAtCurrentPosition" signature="(System.ReadOnlySpan`1&lt;System.Char&gt;)" line-rate="0" branch-rate="0" complexity="26">
              <lines>
                <line number="638" hits="0" branch="False" />
                <line number="639" hits="0" branch="False" />
                <line number="640" hits="0" branch="False" />
                <line number="641" hits="0" branch="False" />
                <line number="642" hits="0" branch="False" />
                <line number="643" hits="0" branch="False" />
                <line number="644" hits="0" branch="False" />
                <line number="645" hits="0" branch="False" />
                <line number="646" hits="0" branch="False" />
                <line number="649" hits="0" branch="True" condition-coverage="0% (0/2)">
                  <conditions>
                    <condition number="47" type="jump" coverage="0%" />
                  </conditions>
                </line>
                <line number="650" hits="0" branch="False" />
                <line number="651" hits="0" branch="False" />
                <line number="652" hits="0" branch="False" />
                <line number="655" hits="0" branch="True" condition-coverage="0% (0/4)">
                  <conditions>
                    <condition number="75" type="jump" coverage="0%" />
                    <condition number="105" type="jump" coverage="0%" />
                  </conditions>
                </line>
                <line number="656" hits="0" branch="False" />
                <line number="657" hits="0" branch="False" />
                <line number="658" hits="0" branch="False" />
                <line number="659" hits="0" branch="False" />
                <line number="664" hits="0" branch="False" />
                <line number="665" hits="0" branch="False" />
                <line number="666" hits="0" branch="False" />
                <line number="668" hits="0" branch="False" />
                <line number="669" hits="0" branch="True" condition-coverage="0% (0/4)">
                  <conditions>
                    <condition number="188" type="jump" coverage="0%" />
                    <condition number="164" type="jump" coverage="0%" />
                  </conditions>
                </line>
                <line number="670" hits="0" branch="False" />
                <line number="671" hits="0" branch="False" />
                <line number="672" hits="0" branch="False" />
                <line number="674" hits="0" branch="False" />
                <line number="675" hits="0" branch="False" />
                <line number="677" hits="0" branch="False" />
                <line number="678" hits="0" branch="False" />
                <line number="680" hits="0" branch="False" />
                <line number="681" hits="0" branch="False" />
                <line number="683" hits="0" branch="True" condition-coverage="0% (0/2)">
                  <conditions>
                    <condition number="229" type="jump" coverage="0%" />
                  </conditions>
                </line>
                <line number="684" hits="0" branch="False" />
                <line number="685" hits="0" branch="False" />
                <line number="686" hits="0" branch="False" />
                <line number="688" hits="0" branch="True" condition-coverage="0% (0/2)">
                  <conditions>
                    <condition number="253" type="jump" coverage="0%" />
                  </conditions>
                </line>
                <line number="689" hits="0" branch="False" />
                <line number="690" hits="0" branch="False" />
                <line number="691" hits="0" branch="False" />
                <line number="693" hits="0" branch="False" />
                <line number="694" hits="0" branch="False" />
                <line number="696" hits="0" branch="False" />
                <line number="697" hits="0" branch="False" />
                <line number="702" hits="0" branch="False" />
                <line number="706" hits="0" branch="False" />
                <line number="708" hits="0" branch="False" />
                <line number="709" hits="0" branch="True" condition-coverage="0% (0/2)">
                  <conditions>
                    <condition number="323" type="jump" coverage="0%" />
                  </conditions>
                </line>
                <line number="710" hits="0" branch="False" />
                <line number="711" hits="0" branch="False" />
                <line number="712" hits="0" branch="False" />
                <line number="714" hits="0" branch="False" />
                <line number="715" hits="0" branch="False" />
                <line number="717" hits="0" branch="False" />
                <line number="718" hits="0" branch="False" />
                <line number="720" hits="0" branch="False" />
                <line number="721" hits="0" branch="False" />
                <line number="723" hits="0" branch="True" condition-coverage="0% (0/2)">
                  <conditions>
                    <condition number="376" type="jump" coverage="0%" />
                  </conditions>
                </line>
                <line number="724" hits="0" branch="False" />
                <line number="725" hits="0" branch="False" />
                <line number="726" hits="0" branch="False" />
                <line number="728" hits="0" branch="True" condition-coverage="0% (0/2)">
                  <conditions>
                    <condition number="400" type="jump" coverage="0%" />
                  </conditions>
                </line>
                <line number="729" hits="0" branch="False" />
                <line number="730" hits="0" branch="False" />
                <line number="732" hits="0" branch="False" />
                <line number="733" hits="0" branch="False" />
                <line number="735" hits="0" branch="False" />
                <line number="736" hits="0" branch="False" />
                <line number="739" hits="0" branch="False" />
                <line number="741" hits="0" branch="False" />
                <line number="743" hits="0" branch="False" />
                <line number="744" hits="0" branch="False" />
                <line number="746" hits="0" branch="False" />
                <line number="750" hits="0" branch="True" condition-coverage="0% (0/6)">
                  <conditions>
                    <condition number="462" type="jump" coverage="0%" />
                    <condition number="472" type="jump" coverage="0%" />
                    <condition number="500" type="jump" coverage="0%" />
                  </conditions>
                </line>
                <line number="751" hits="0" branch="False" />
                <line number="752" hits="0" branch="False" />
                <line number="756" hits="0" branch="False" />
                <line number="757" hits="0" branch="False" />
                <line number="758" hits="0" branch="False" />
                <line number="769" hits="0" branch="False" />
              </lines>
            </method>
            <method name="&lt;TryMatchAtCurrentPosition&gt;g__UncaptureUntil|2_0" signature="(System.Int32)" line-rate="0" branch-rate="0" complexity="2">
              <lines>
                <line number="763" hits="0" branch="False" />
                <line number="764" hits="0" branch="True" condition-coverage="0% (0/2)">
                  <conditions>
                    <condition number="23" type="jump" coverage="0%" />
                  </conditions>
                </line>
                <line number="765" hits="0" branch="False" />
                <line number="766" hits="0" branch="False" />
                <line number="767" hits="0" branch="False" />
                <line number="768" hits="0" branch="False" />
              </lines>
            </method>
          </methods>
          <lines>
            <line number="604" hits="0" branch="False" />
            <line number="606" hits="0" branch="True" condition-coverage="0% (0/4)">
              <conditions>
                <condition number="8" type="jump" coverage="0%" />
                <condition number="25" type="jump" coverage="0%" />
              </conditions>
            </line>
            <line number="607" hits="0" branch="False" />
            <line number="608" hits="0" branch="False" />
            <line number="609" hits="0" branch="False" />
            <line number="610" hits="0" branch="False" />
            <line number="616" hits="0" branch="False" />
            <line number="617" hits="0" branch="False" />
            <line number="620" hits="0" branch="True" condition-coverage="0% (0/2)">
              <conditions>
                <condition number="26" type="jump" coverage="0%" />
              </conditions>
            </line>
            <line number="621" hits="0" branch="False" />
            <line number="623" hits="0" branch="True" condition-coverage="0% (0/2)">
              <conditions>
                <condition number="35" type="jump" coverage="0%" />
              </conditions>
            </line>
            <line number="624" hits="0" branch="False" />
            <line number="625" hits="0" branch="False" />
            <line number="627" hits="0" branch="False" />
            <line number="630" hits="0" branch="False" />
            <line number="631" hits="0" branch="False" />
            <line number="632" hits="0" branch="False" />
            <line number="638" hits="0" branch="False" />
            <line number="639" hits="0" branch="False" />
            <line number="640" hits="0" branch="False" />
            <line number="641" hits="0" branch="False" />
            <line number="642" hits="0" branch="False" />
            <line number="643" hits="0" branch="False" />
            <line number="644" hits="0" branch="False" />
            <line number="645" hits="0" branch="False" />
            <line number="646" hits="0" branch="False" />
            <line number="649" hits="0" branch="True" condition-coverage="0% (0/2)">
              <conditions>
                <condition number="47" type="jump" coverage="0%" />
              </conditions>
            </line>
            <line number="650" hits="0" branch="False" />
            <line number="651" hits="0" branch="False" />
            <line number="652" hits="0" branch="False" />
            <line number="655" hits="0" branch="True" condition-coverage="0% (0/4)">
              <conditions>
                <condition number="75" type="jump" coverage="0%" />
                <condition number="105" type="jump" coverage="0%" />
              </conditions>
            </line>
            <line number="656" hits="0" branch="False" />
            <line number="657" hits="0" branch="False" />
            <line number="658" hits="0" branch="False" />
            <line number="659" hits="0" branch="False" />
            <line number="664" hits="0" branch="False" />
            <line number="665" hits="0" branch="False" />
            <line number="666" hits="0" branch="False" />
            <line number="668" hits="0" branch="False" />
            <line number="669" hits="0" branch="True" condition-coverage="0% (0/4)">
              <conditions>
                <condition number="188" type="jump" coverage="0%" />
                <condition number="164" type="jump" coverage="0%" />
              </conditions>
            </line>
            <line number="670" hits="0" branch="False" />
            <line number="671" hits="0" branch="False" />
            <line number="672" hits="0" branch="False" />
            <line number="674" hits="0" branch="False" />
            <line number="675" hits="0" branch="False" />
            <line number="677" hits="0" branch="False" />
            <line number="678" hits="0" branch="False" />
            <line number="680" hits="0" branch="False" />
            <line number="681" hits="0" branch="False" />
            <line number="683" hits="0" branch="True" condition-coverage="0% (0/2)">
              <conditions>
                <condition number="229" type="jump" coverage="0%" />
              </conditions>
            </line>
            <line number="684" hits="0" branch="False" />
            <line number="685" hits="0" branch="False" />
            <line number="686" hits="0" branch="False" />
            <line number="688" hits="0" branch="True" condition-coverage="0% (0/2)">
              <conditions>
                <condition number="253" type="jump" coverage="0%" />
              </conditions>
            </line>
            <line number="689" hits="0" branch="False" />
            <line number="690" hits="0" branch="False" />
            <line number="691" hits="0" branch="False" />
            <line number="693" hits="0" branch="False" />
            <line number="694" hits="0" branch="False" />
            <line number="696" hits="0" branch="False" />
            <line number="697" hits="0" branch="False" />
            <line number="702" hits="0" branch="False" />
            <line number="706" hits="0" branch="False" />
            <line number="708" hits="0" branch="False" />
            <line number="709" hits="0" branch="True" condition-coverage="0% (0/2)">
              <conditions>
                <condition number="323" type="jump" coverage="0%" />
              </conditions>
            </line>
            <line number="710" hits="0" branch="False" />
            <line number="711" hits="0" branch="False" />
            <line number="712" hits="0" branch="False" />
            <line number="714" hits="0" branch="False" />
            <line number="715" hits="0" branch="False" />
            <line number="717" hits="0" branch="False" />
            <line number="718" hits="0" branch="False" />
            <line number="720" hits="0" branch="False" />
            <line number="721" hits="0" branch="False" />
            <line number="723" hits="0" branch="True" condition-coverage="0% (0/2)">
              <conditions>
                <condition number="376" type="jump" coverage="0%" />
              </conditions>
            </line>
            <line number="724" hits="0" branch="False" />
            <line number="725" hits="0" branch="False" />
            <line number="726" hits="0" branch="False" />
            <line number="728" hits="0" branch="True" condition-coverage="0% (0/2)">
              <conditions>
                <condition number="400" type="jump" coverage="0%" />
              </conditions>
            </line>
            <line number="729" hits="0" branch="False" />
            <line number="730" hits="0" branch="False" />
            <line number="732" hits="0" branch="False" />
            <line number="733" hits="0" branch="False" />
            <line number="735" hits="0" branch="False" />
            <line number="736" hits="0" branch="False" />
            <line number="739" hits="0" branch="False" />
            <line number="741" hits="0" branch="False" />
            <line number="743" hits="0" branch="False" />
            <line number="744" hits="0" branch="False" />
            <line number="746" hits="0" branch="False" />
            <line number="750" hits="0" branch="True" condition-coverage="0% (0/6)">
              <conditions>
                <condition number="462" type="jump" coverage="0%" />
                <condition number="472" type="jump" coverage="0%" />
                <condition number="500" type="jump" coverage="0%" />
              </conditions>
            </line>
            <line number="751" hits="0" branch="False" />
            <line number="752" hits="0" branch="False" />
            <line number="756" hits="0" branch="False" />
            <line number="757" hits="0" branch="False" />
            <line number="758" hits="0" branch="False" />
            <line number="769" hits="0" branch="False" />
            <line number="763" hits="0" branch="False" />
            <line number="764" hits="0" branch="True" condition-coverage="0% (0/2)">
              <conditions>
                <condition number="23" type="jump" coverage="0%" />
              </conditions>
            </line>
            <line number="765" hits="0" branch="False" />
            <line number="766" hits="0" branch="False" />
            <line number="767" hits="0" branch="False" />
            <line number="768" hits="0" branch="False" />
          </lines>
        </class>
        <class name="System.Text.RegularExpressions.Generated.&lt;RegexGenerator_g&gt;FD2D69DB1BA5A3D8766AF89DB91BA61B958BAD1B963040B71F7F25397D2C63ECD__AllowRegex_2" filename="obj/Debug/net9.0/System.Text.RegularExpressions.Generator/System.Text.RegularExpressions.Generator.RegexGenerator/RegexGenerator.g.cs" line-rate="0" branch-rate="1" complexity="2">
          <methods>
            <method name=".ctor" signature="()" line-rate="0" branch-rate="1" complexity="1">
              <lines>
                <line number="783" hits="0" branch="False" />
                <line number="784" hits="0" branch="False" />
                <line number="785" hits="0" branch="False" />
                <line number="786" hits="0" branch="False" />
                <line number="787" hits="0" branch="False" />
                <line number="788" hits="0" branch="False" />
                <line number="789" hits="0" branch="False" />
                <line number="790" hits="0" branch="False" />
                <line number="791" hits="0" branch="False" />
              </lines>
            </method>
            <method name=".cctor" signature="()" line-rate="0" branch-rate="1" complexity="1">
              <lines>
                <line number="780" hits="0" branch="False" />
              </lines>
            </method>
          </methods>
          <lines>
            <line number="783" hits="0" branch="False" />
            <line number="784" hits="0" branch="False" />
            <line number="785" hits="0" branch="False" />
            <line number="786" hits="0" branch="False" />
            <line number="787" hits="0" branch="False" />
            <line number="788" hits="0" branch="False" />
            <line number="789" hits="0" branch="False" />
            <line number="790" hits="0" branch="False" />
            <line number="791" hits="0" branch="False" />
            <line number="780" hits="0" branch="False" />
          </lines>
        </class>
        <class name="System.Text.RegularExpressions.Generated.&lt;RegexGenerator_g&gt;FD2D69DB1BA5A3D8766AF89DB91BA61B958BAD1B963040B71F7F25397D2C63ECD__AllowRegex_2/RunnerFactory" filename="obj/Debug/net9.0/System.Text.RegularExpressions.Generator/System.Text.RegularExpressions.Generator.RegexGenerator/RegexGenerator.g.cs" line-rate="0" branch-rate="1" complexity="1">
          <methods>
            <method name="CreateInstance" signature="()" line-rate="0" branch-rate="1" complexity="1">
              <lines>
                <line number="797" hits="0" branch="False" />
              </lines>
            </method>
          </methods>
          <lines>
            <line number="797" hits="0" branch="False" />
          </lines>
        </class>
        <class name="System.Text.RegularExpressions.Generated.&lt;RegexGenerator_g&gt;FD2D69DB1BA5A3D8766AF89DB91BA61B958BAD1B963040B71F7F25397D2C63ECD__AllowRegex_2/RunnerFactory/Runner" filename="obj/Debug/net9.0/System.Text.RegularExpressions.Generator/System.Text.RegularExpressions.Generator.RegexGenerator/RegexGenerator.g.cs" line-rate="0" branch-rate="0" complexity="40">
          <methods>
            <method name="Scan" signature="(System.ReadOnlySpan`1&lt;System.Char&gt;)" line-rate="0" branch-rate="0" complexity="4">
              <lines>
                <line number="805" hits="0" branch="False" />
                <line number="807" hits="0" branch="True" condition-coverage="0% (0/4)">
                  <conditions>
                    <condition number="8" type="jump" coverage="0%" />
                    <condition number="25" type="jump" coverage="0%" />
                  </conditions>
                </line>
                <line number="808" hits="0" branch="False" />
                <line number="809" hits="0" branch="False" />
                <line number="810" hits="0" branch="False" />
                <line number="811" hits="0" branch="False" />
              </lines>
            </method>
            <method name="TryFindNextPossibleStartingPosition" signature="(System.ReadOnlySpan`1&lt;System.Char&gt;)" line-rate="0" branch-rate="0" complexity="4">
              <lines>
                <line number="817" hits="0" branch="False" />
                <line number="818" hits="0" branch="False" />
                <line number="821" hits="0" branch="True" condition-coverage="0% (0/2)">
                  <conditions>
                    <condition number="25" type="jump" coverage="0%" />
                  </conditions>
                </line>
                <line number="822" hits="0" branch="False" />
                <line number="824" hits="0" branch="True" condition-coverage="0% (0/2)">
                  <conditions>
                    <condition number="34" type="jump" coverage="0%" />
                  </conditions>
                </line>
                <line number="825" hits="0" branch="False" />
                <line number="826" hits="0" branch="False" />
                <line number="828" hits="0" branch="False" />
                <line number="831" hits="0" branch="False" />
                <line number="832" hits="0" branch="False" />
                <line number="833" hits="0" branch="False" />
              </lines>
            </method>
            <method name="TryMatchAtCurrentPosition" signature="(System.ReadOnlySpan`1&lt;System.Char&gt;)" line-rate="0" branch-rate="0" complexity="30">
              <lines>
                <line number="839" hits="0" branch="False" />
                <line number="840" hits="0" branch="False" />
                <line number="841" hits="0" branch="False" />
                <line number="842" hits="0" branch="False" />
                <line number="843" hits="0" branch="False" />
                <line number="844" hits="0" branch="False" />
                <line number="845" hits="0" branch="False" />
                <line number="846" hits="0" branch="False" />
                <line number="847" hits="0" branch="False" />
                <line number="850" hits="0" branch="True" condition-coverage="0% (0/2)">
                  <conditions>
                    <condition number="47" type="jump" coverage="0%" />
                  </conditions>
                </line>
                <line number="851" hits="0" branch="False" />
                <line number="852" hits="0" branch="False" />
                <line number="853" hits="0" branch="False" />
                <line number="856" hits="0" branch="True" condition-coverage="0% (0/4)">
                  <conditions>
                    <condition number="74" type="jump" coverage="0%" />
                    <condition number="104" type="jump" coverage="0%" />
                  </conditions>
                </line>
                <line number="857" hits="0" branch="False" />
                <line number="858" hits="0" branch="False" />
                <line number="859" hits="0" branch="False" />
                <line number="860" hits="0" branch="False" />
                <line number="865" hits="0" branch="False" />
                <line number="866" hits="0" branch="False" />
                <line number="867" hits="0" branch="False" />
                <line number="869" hits="0" branch="False" />
                <line number="870" hits="0" branch="True" condition-coverage="0% (0/4)">
                  <conditions>
                    <condition number="186" type="jump" coverage="0%" />
                    <condition number="162" type="jump" coverage="0%" />
                  </conditions>
                </line>
                <line number="871" hits="0" branch="False" />
                <line number="872" hits="0" branch="False" />
                <line number="873" hits="0" branch="False" />
                <line number="875" hits="0" branch="False" />
                <line number="876" hits="0" branch="False" />
                <line number="878" hits="0" branch="False" />
                <line number="879" hits="0" branch="False" />
                <line number="881" hits="0" branch="False" />
                <line number="882" hits="0" branch="False" />
                <line number="884" hits="0" branch="True" condition-coverage="0% (0/2)">
                  <conditions>
                    <condition number="227" type="jump" coverage="0%" />
                  </conditions>
                </line>
                <line number="885" hits="0" branch="False" />
                <line number="886" hits="0" branch="False" />
                <line number="887" hits="0" branch="False" />
                <line number="889" hits="0" branch="True" condition-coverage="0% (0/4)">
                  <conditions>
                    <condition number="242" type="jump" coverage="0%" />
                    <condition number="278" type="jump" coverage="0%" />
                  </conditions>
                </line>
                <line number="890" hits="0" branch="False" />
                <line number="891" hits="0" branch="False" />
                <line number="892" hits="0" branch="False" />
                <line number="893" hits="0" branch="False" />
                <line number="895" hits="0" branch="False" />
                <line number="896" hits="0" branch="False" />
                <line number="897" hits="0" branch="False" />
                <line number="899" hits="0" branch="False" />
                <line number="900" hits="0" branch="False" />
                <line number="905" hits="0" branch="False" />
                <line number="909" hits="0" branch="False" />
                <line number="911" hits="0" branch="False" />
                <line number="912" hits="0" branch="True" condition-coverage="0% (0/2)">
                  <conditions>
                    <condition number="350" type="jump" coverage="0%" />
                  </conditions>
                </line>
                <line number="913" hits="0" branch="False" />
                <line number="914" hits="0" branch="False" />
                <line number="915" hits="0" branch="False" />
                <line number="917" hits="0" branch="True" condition-coverage="0% (0/2)">
                  <conditions>
                    <condition number="372" type="jump" coverage="0%" />
                  </conditions>
                </line>
                <line number="918" hits="0" branch="False" />
                <line number="919" hits="0" branch="False" />
                <line number="922" hits="0" branch="False" />
                <line number="923" hits="0" branch="False" />
                <line number="925" hits="0" branch="False" />
                <line number="926" hits="0" branch="False" />
                <line number="927" hits="0" branch="False" />
                <line number="929" hits="0" branch="False" />
                <line number="930" hits="0" branch="False" />
                <line number="932" hits="0" branch="True" condition-coverage="0% (0/2)">
                  <conditions>
                    <condition number="426" type="jump" coverage="0%" />
                  </conditions>
                </line>
                <line number="933" hits="0" branch="False" />
                <line number="934" hits="0" branch="False" />
                <line number="935" hits="0" branch="False" />
                <line number="937" hits="0" branch="True" condition-coverage="0% (0/2)">
                  <conditions>
                    <condition number="450" type="jump" coverage="0%" />
                  </conditions>
                </line>
                <line number="938" hits="0" branch="False" />
                <line number="939" hits="0" branch="False" />
                <line number="941" hits="0" branch="False" />
                <line number="942" hits="0" branch="False" />
                <line number="944" hits="0" branch="False" />
                <line number="945" hits="0" branch="False" />
                <line number="948" hits="0" branch="False" />
                <line number="950" hits="0" branch="False" />
                <line number="952" hits="0" branch="False" />
                <line number="953" hits="0" branch="False" />
                <line number="955" hits="0" branch="False" />
                <line number="959" hits="0" branch="True" condition-coverage="0% (0/6)">
                  <conditions>
                    <condition number="512" type="jump" coverage="0%" />
                    <condition number="522" type="jump" coverage="0%" />
                    <condition number="550" type="jump" coverage="0%" />
                  </conditions>
                </line>
                <line number="960" hits="0" branch="False" />
                <line number="961" hits="0" branch="False" />
                <line number="965" hits="0" branch="False" />
                <line number="966" hits="0" branch="False" />
                <line number="967" hits="0" branch="False" />
                <line number="978" hits="0" branch="False" />
              </lines>
            </method>
            <method name="&lt;TryMatchAtCurrentPosition&gt;g__UncaptureUntil|2_0" signature="(System.Int32)" line-rate="0" branch-rate="0" complexity="2">
              <lines>
                <line number="972" hits="0" branch="False" />
                <line number="973" hits="0" branch="True" condition-coverage="0% (0/2)">
                  <conditions>
                    <condition number="23" type="jump" coverage="0%" />
                  </conditions>
                </line>
                <line number="974" hits="0" branch="False" />
                <line number="975" hits="0" branch="False" />
                <line number="976" hits="0" branch="False" />
                <line number="977" hits="0" branch="False" />
              </lines>
            </method>
          </methods>
          <lines>
            <line number="805" hits="0" branch="False" />
            <line number="807" hits="0" branch="True" condition-coverage="0% (0/4)">
              <conditions>
                <condition number="8" type="jump" coverage="0%" />
                <condition number="25" type="jump" coverage="0%" />
              </conditions>
            </line>
            <line number="808" hits="0" branch="False" />
            <line number="809" hits="0" branch="False" />
            <line number="810" hits="0" branch="False" />
            <line number="811" hits="0" branch="False" />
            <line number="817" hits="0" branch="False" />
            <line number="818" hits="0" branch="False" />
            <line number="821" hits="0" branch="True" condition-coverage="0% (0/2)">
              <conditions>
                <condition number="25" type="jump" coverage="0%" />
              </conditions>
            </line>
            <line number="822" hits="0" branch="False" />
            <line number="824" hits="0" branch="True" condition-coverage="0% (0/2)">
              <conditions>
                <condition number="34" type="jump" coverage="0%" />
              </conditions>
            </line>
            <line number="825" hits="0" branch="False" />
            <line number="826" hits="0" branch="False" />
            <line number="828" hits="0" branch="False" />
            <line number="831" hits="0" branch="False" />
            <line number="832" hits="0" branch="False" />
            <line number="833" hits="0" branch="False" />
            <line number="839" hits="0" branch="False" />
            <line number="840" hits="0" branch="False" />
            <line number="841" hits="0" branch="False" />
            <line number="842" hits="0" branch="False" />
            <line number="843" hits="0" branch="False" />
            <line number="844" hits="0" branch="False" />
            <line number="845" hits="0" branch="False" />
            <line number="846" hits="0" branch="False" />
            <line number="847" hits="0" branch="False" />
            <line number="850" hits="0" branch="True" condition-coverage="0% (0/2)">
              <conditions>
                <condition number="47" type="jump" coverage="0%" />
              </conditions>
            </line>
            <line number="851" hits="0" branch="False" />
            <line number="852" hits="0" branch="False" />
            <line number="853" hits="0" branch="False" />
            <line number="856" hits="0" branch="True" condition-coverage="0% (0/4)">
              <conditions>
                <condition number="74" type="jump" coverage="0%" />
                <condition number="104" type="jump" coverage="0%" />
              </conditions>
            </line>
            <line number="857" hits="0" branch="False" />
            <line number="858" hits="0" branch="False" />
            <line number="859" hits="0" branch="False" />
            <line number="860" hits="0" branch="False" />
            <line number="865" hits="0" branch="False" />
            <line number="866" hits="0" branch="False" />
            <line number="867" hits="0" branch="False" />
            <line number="869" hits="0" branch="False" />
            <line number="870" hits="0" branch="True" condition-coverage="0% (0/4)">
              <conditions>
                <condition number="186" type="jump" coverage="0%" />
                <condition number="162" type="jump" coverage="0%" />
              </conditions>
            </line>
            <line number="871" hits="0" branch="False" />
            <line number="872" hits="0" branch="False" />
            <line number="873" hits="0" branch="False" />
            <line number="875" hits="0" branch="False" />
            <line number="876" hits="0" branch="False" />
            <line number="878" hits="0" branch="False" />
            <line number="879" hits="0" branch="False" />
            <line number="881" hits="0" branch="False" />
            <line number="882" hits="0" branch="False" />
            <line number="884" hits="0" branch="True" condition-coverage="0% (0/2)">
              <conditions>
                <condition number="227" type="jump" coverage="0%" />
              </conditions>
            </line>
            <line number="885" hits="0" branch="False" />
            <line number="886" hits="0" branch="False" />
            <line number="887" hits="0" branch="False" />
            <line number="889" hits="0" branch="True" condition-coverage="0% (0/4)">
              <conditions>
                <condition number="242" type="jump" coverage="0%" />
                <condition number="278" type="jump" coverage="0%" />
              </conditions>
            </line>
            <line number="890" hits="0" branch="False" />
            <line number="891" hits="0" branch="False" />
            <line number="892" hits="0" branch="False" />
            <line number="893" hits="0" branch="False" />
            <line number="895" hits="0" branch="False" />
            <line number="896" hits="0" branch="False" />
            <line number="897" hits="0" branch="False" />
            <line number="899" hits="0" branch="False" />
            <line number="900" hits="0" branch="False" />
            <line number="905" hits="0" branch="False" />
            <line number="909" hits="0" branch="False" />
            <line number="911" hits="0" branch="False" />
            <line number="912" hits="0" branch="True" condition-coverage="0% (0/2)">
              <conditions>
                <condition number="350" type="jump" coverage="0%" />
              </conditions>
            </line>
            <line number="913" hits="0" branch="False" />
            <line number="914" hits="0" branch="False" />
            <line number="915" hits="0" branch="False" />
            <line number="917" hits="0" branch="True" condition-coverage="0% (0/2)">
              <conditions>
                <condition number="372" type="jump" coverage="0%" />
              </conditions>
            </line>
            <line number="918" hits="0" branch="False" />
            <line number="919" hits="0" branch="False" />
            <line number="922" hits="0" branch="False" />
            <line number="923" hits="0" branch="False" />
            <line number="925" hits="0" branch="False" />
            <line number="926" hits="0" branch="False" />
            <line number="927" hits="0" branch="False" />
            <line number="929" hits="0" branch="False" />
            <line number="930" hits="0" branch="False" />
            <line number="932" hits="0" branch="True" condition-coverage="0% (0/2)">
              <conditions>
                <condition number="426" type="jump" coverage="0%" />
              </conditions>
            </line>
            <line number="933" hits="0" branch="False" />
            <line number="934" hits="0" branch="False" />
            <line number="935" hits="0" branch="False" />
            <line number="937" hits="0" branch="True" condition-coverage="0% (0/2)">
              <conditions>
                <condition number="450" type="jump" coverage="0%" />
              </conditions>
            </line>
            <line number="938" hits="0" branch="False" />
            <line number="939" hits="0" branch="False" />
            <line number="941" hits="0" branch="False" />
            <line number="942" hits="0" branch="False" />
            <line number="944" hits="0" branch="False" />
            <line number="945" hits="0" branch="False" />
            <line number="948" hits="0" branch="False" />
            <line number="950" hits="0" branch="False" />
            <line number="952" hits="0" branch="False" />
            <line number="953" hits="0" branch="False" />
            <line number="955" hits="0" branch="False" />
            <line number="959" hits="0" branch="True" condition-coverage="0% (0/6)">
              <conditions>
                <condition number="512" type="jump" coverage="0%" />
                <condition number="522" type="jump" coverage="0%" />
                <condition number="550" type="jump" coverage="0%" />
              </conditions>
            </line>
            <line number="960" hits="0" branch="False" />
            <line number="961" hits="0" branch="False" />
            <line number="965" hits="0" branch="False" />
            <line number="966" hits="0" branch="False" />
            <line number="967" hits="0" branch="False" />
            <line number="978" hits="0" branch="False" />
            <line number="972" hits="0" branch="False" />
            <line number="973" hits="0" branch="True" condition-coverage="0% (0/2)">
              <conditions>
                <condition number="23" type="jump" coverage="0%" />
              </conditions>
            </line>
            <line number="974" hits="0" branch="False" />
            <line number="975" hits="0" branch="False" />
            <line number="976" hits="0" branch="False" />
            <line number="977" hits="0" branch="False" />
          </lines>
        </class>
        <class name="System.Text.RegularExpressions.Generated.&lt;RegexGenerator_g&gt;FD2D69DB1BA5A3D8766AF89DB91BA61B958BAD1B963040B71F7F25397D2C63ECD__ScriptTagRegex_3" filename="obj/Debug/net9.0/System.Text.RegularExpressions.Generator/System.Text.RegularExpressions.Generator.RegexGenerator/RegexGenerator.g.cs" line-rate="1" branch-rate="1" complexity="2">
          <methods>
            <method name=".ctor" signature="()" line-rate="1" branch-rate="1" complexity="1">
              <lines>
                <line number="992" hits="1" branch="False" />
                <line number="993" hits="1" branch="False" />
                <line number="994" hits="1" branch="False" />
                <line number="995" hits="1" branch="False" />
                <line number="996" hits="1" branch="False" />
                <line number="997" hits="1" branch="False" />
                <line number="998" hits="1" branch="False" />
                <line number="999" hits="1" branch="False" />
                <line number="1000" hits="1" branch="False" />
              </lines>
            </method>
            <method name=".cctor" signature="()" line-rate="1" branch-rate="1" complexity="1">
              <lines>
                <line number="989" hits="1" branch="False" />
              </lines>
            </method>
          </methods>
          <lines>
            <line number="992" hits="1" branch="False" />
            <line number="993" hits="1" branch="False" />
            <line number="994" hits="1" branch="False" />
            <line number="995" hits="1" branch="False" />
            <line number="996" hits="1" branch="False" />
            <line number="997" hits="1" branch="False" />
            <line number="998" hits="1" branch="False" />
            <line number="999" hits="1" branch="False" />
            <line number="1000" hits="1" branch="False" />
            <line number="989" hits="1" branch="False" />
          </lines>
        </class>
        <class name="System.Text.RegularExpressions.Generated.&lt;RegexGenerator_g&gt;FD2D69DB1BA5A3D8766AF89DB91BA61B958BAD1B963040B71F7F25397D2C63ECD__ScriptTagRegex_3/RunnerFactory" filename="obj/Debug/net9.0/System.Text.RegularExpressions.Generator/System.Text.RegularExpressions.Generator.RegexGenerator/RegexGenerator.g.cs" line-rate="1" branch-rate="1" complexity="1">
          <methods>
            <method name="CreateInstance" signature="()" line-rate="1" branch-rate="1" complexity="1">
              <lines>
                <line number="1006" hits="1" branch="False" />
              </lines>
            </method>
          </methods>
          <lines>
            <line number="1006" hits="1" branch="False" />
          </lines>
        </class>
        <class name="System.Text.RegularExpressions.Generated.&lt;RegexGenerator_g&gt;FD2D69DB1BA5A3D8766AF89DB91BA61B958BAD1B963040B71F7F25397D2C63ECD__ScriptTagRegex_3/RunnerFactory/Runner" filename="obj/Debug/net9.0/System.Text.RegularExpressions.Generator/System.Text.RegularExpressions.Generator.RegexGenerator/RegexGenerator.g.cs" line-rate="0.6486" branch-rate="0.62" complexity="50">
          <methods>
            <method name="Scan" signature="(System.ReadOnlySpan`1&lt;System.Char&gt;)" line-rate="0.41659999999999997" branch-rate="0.5" complexity="8">
              <lines>
                <line number="1014" hits="13" branch="False" />
                <line number="1016" hits="13" branch="True" condition-coverage="66.66% (4/6)">
                  <conditions>
                    <condition number="78" type="jump" coverage="50%" />
                    <condition number="44" type="jump" coverage="100%" />
                    <condition number="53" type="jump" coverage="50%" />
                  </conditions>
                </line>
                <line number="1017" hits="13" branch="False" />
                <line number="1018" hits="13" branch="False" />
                <line number="1019" hits="0" branch="False" />
                <line number="1020" hits="0" branch="False" />
                <line number="1021" hits="0" branch="True" condition-coverage="0% (0/2)">
                  <conditions>
                    <condition number="25" type="jump" coverage="0%" />
                  </conditions>
                </line>
                <line number="1022" hits="0" branch="False" />
                <line number="1023" hits="0" branch="False" />
                <line number="1024" hits="0" branch="False" />
                <line number="1025" hits="0" branch="False" />
                <line number="1026" hits="13" branch="False" />
              </lines>
            </method>
            <method name="TryFindNextPossibleStartingPosition" signature="(System.ReadOnlySpan`1&lt;System.Char&gt;)" line-rate="0.9229999999999999" branch-rate="0.9166" complexity="12">
              <lines>
                <line number="1032" hits="13" branch="False" />
                <line number="1033" hits="13" branch="False" />
                <line number="1036" hits="13" branch="True" condition-coverage="100% (2/2)">
                  <conditions>
                    <condition number="26" type="jump" coverage="100%" />
                  </conditions>
                </line>
                <line number="1037" hits="10" branch="False" />
                <line number="1040" hits="10" branch="False" />
                <line number="1041" hits="38" branch="True" condition-coverage="100% (2/2)">
                  <conditions>
                    <condition number="188" type="jump" coverage="100%" />
                  </conditions>
                </line>
                <line number="1042" hits="15" branch="False" />
                <line number="1043" hits="15" branch="False" />
                <line number="1044" hits="15" branch="True" condition-coverage="100% (2/2)">
                  <conditions>
                    <condition number="72" type="jump" coverage="100%" />
                  </conditions>
                </line>
                <line number="1045" hits="4" branch="False" />
                <line number="1046" hits="4" branch="False" />
                <line number="1048" hits="11" branch="False" />
                <line number="1053" hits="11" branch="True" condition-coverage="50% (1/2)">
                  <conditions>
                    <condition number="101" type="jump" coverage="50%" />
                  </conditions>
                </line>
                <line number="1054" hits="0" branch="False" />
                <line number="1055" hits="0" branch="False" />
                <line number="1058" hits="11" branch="True" condition-coverage="100% (4/4)">
                  <conditions>
                    <condition number="122" type="jump" coverage="100%" />
                    <condition number="149" type="jump" coverage="100%" />
                  </conditions>
                </line>
                <line number="1059" hits="11" branch="False" />
                <line number="1060" hits="2" branch="False" />
                <line number="1061" hits="2" branch="False" />
                <line number="1062" hits="2" branch="False" />
                <line number="1064" hits="9" branch="False" />
                <line number="1065" hits="4" branch="False" />
                <line number="1068" hits="11" branch="False" />
                <line number="1069" hits="11" branch="False" />
                <line number="1070" hits="11" branch="False" />
                <line number="1071" hits="13" branch="False" />
              </lines>
            </method>
            <method name="TryMatchAtCurrentPosition" signature="(System.ReadOnlySpan`1&lt;System.Char&gt;)" line-rate="0.589" branch-rate="0.5333" complexity="30">
              <lines>
                <line number="1077" hits="2" branch="False" />
                <line number="1078" hits="2" branch="False" />
                <line number="1079" hits="2" branch="False" />
                <line number="1080" hits="2" branch="False" />
                <line number="1081" hits="2" branch="False" />
                <line number="1082" hits="2" branch="False" />
                <line number="1084" hits="2" branch="True" condition-coverage="50% (3/6)">
                  <conditions>
                    <condition number="32" type="jump" coverage="50%" />
                    <condition number="45" type="jump" coverage="50%" />
                    <condition number="81" type="jump" coverage="50%" />
                  </conditions>
                </line>
                <line number="1085" hits="2" branch="False" />
                <line number="1086" hits="2" branch="False" />
                <line number="1087" hits="0" branch="False" />
                <line number="1088" hits="0" branch="False" />
                <line number="1093" hits="2" branch="False" />
                <line number="1094" hits="2" branch="False" />
                <line number="1095" hits="2" branch="False" />
                <line number="1096" hits="2" branch="False" />
                <line number="1098" hits="0" branch="False" />
                <line number="1099" hits="0" branch="True" condition-coverage="0% (0/2)">
                  <conditions>
                    <condition number="120" type="jump" coverage="0%" />
                  </conditions>
                </line>
                <line number="1100" hits="0" branch="False" />
                <line number="1101" hits="0" branch="False" />
                <line number="1102" hits="0" branch="False" />
                <line number="1104" hits="0" branch="False" />
                <line number="1105" hits="0" branch="False" />
                <line number="1106" hits="0" branch="True" condition-coverage="0% (0/2)">
                  <conditions>
                    <condition number="154" type="jump" coverage="0%" />
                  </conditions>
                </line>
                <line number="1107" hits="0" branch="False" />
                <line number="1108" hits="0" branch="False" />
                <line number="1110" hits="0" branch="False" />
                <line number="1111" hits="0" branch="False" />
                <line number="1112" hits="0" branch="False" />
                <line number="1113" hits="0" branch="True" condition-coverage="0% (0/2)">
                  <conditions>
                    <condition number="197" type="jump" coverage="0%" />
                  </conditions>
                </line>
                <line number="1114" hits="0" branch="False" />
                <line number="1115" hits="0" branch="False" />
                <line number="1117" hits="0" branch="False" />
                <line number="1118" hits="0" branch="False" />
                <line number="1119" hits="0" branch="False" />
                <line number="1121" hits="4" branch="False" />
                <line number="1125" hits="2" branch="True" condition-coverage="50% (2/4)">
                  <conditions>
                    <condition number="233" type="jump" coverage="50%" />
                    <condition number="258" type="jump" coverage="50%" />
                  </conditions>
                </line>
                <line number="1126" hits="0" branch="False" />
                <line number="1127" hits="0" branch="False" />
                <line number="1132" hits="2" branch="False" />
                <line number="1133" hits="2" branch="False" />
                <line number="1134" hits="2" branch="False" />
                <line number="1135" hits="2" branch="False" />
                <line number="1137" hits="2" branch="False" />
[...]
              <lines>
                <line number="176" hits="3" branch="False" />
              </lines>
            </method>
          </methods>
          <lines>
            <line number="166" hits="3" branch="False" />
            <line number="171" hits="5" branch="False" />
            <line number="176" hits="3" branch="False" />
          </lines>
        </class>
        <class name="WebPScanner.Core.DTOs.ScanRequestDto" filename="DTOs/ScanRequestDto.cs" line-rate="1" branch-rate="1" complexity="2">
          <methods>
            <method name="get_Url" signature="()" line-rate="1" branch-rate="1" complexity="1">
              <lines>
                <line number="16" hits="3" branch="False" />
              </lines>
            </method>
            <method name="get_Email" signature="()" line-rate="1" branch-rate="1" complexity="1">
              <lines>
                <line number="24" hits="3" branch="False" />
              </lines>
            </method>
          </methods>
          <lines>
            <line number="16" hits="3" branch="False" />
            <line number="24" hits="3" branch="False" />
          </lines>
        </class>
        <class name="WebPScanner.Core.DTOs.ScanResponseDto" filename="DTOs/ScanResponseDto.cs" line-rate="1" branch-rate="1" complexity="3">
          <methods>
            <method name="get_ScanId" signature="()" line-rate="1" branch-rate="1" complexity="1">
              <lines>
                <line number="11" hits="2" branch="False" />
              </lines>
            </method>
            <method name="get_QueuePosition" signature="()" line-rate="1" branch-rate="1" complexity="1">
              <lines>
                <line number="16" hits="2" branch="False" />
              </lines>
            </method>
            <method name="get_Message" signature="()" line-rate="1" branch-rate="1" complexity="1">
              <lines>
                <line number="21" hits="3" branch="False" />
              </lines>
            </method>
          </methods>
          <lines>
            <line number="11" hits="2" branch="False" />
            <line number="16" hits="2" branch="False" />
            <line number="21" hits="3" branch="False" />
          </lines>
        </class>
        <class name="WebPScanner.Core.DTOs.ScanStatusDto" filename="DTOs/ScanStatusDto.cs" line-rate="1" branch-rate="1" complexity="11">
          <methods>
            <method name="get_ScanId" signature="()" line-rate="1" branch-rate="1" complexity="1">
              <lines>
                <line number="13" hits="2" branch="False" />
              </lines>
            </method>
            <method name="get_Status" signature="()" line-rate="1" branch-rate="1" complexity="1">
              <lines>
                <line number="18" hits="2" branch="False" />
              </lines>
            </method>
            <method name="get_QueuePosition" signature="()" line-rate="1" branch-rate="1" complexity="1">
              <lines>
                <line number="23" hits="2" branch="False" />
              </lines>
            </method>
            <method name="get_TargetUrl" signature="()" line-rate="1" branch-rate="1" complexity="1">
              <lines>
                <line number="28" hits="3" branch="False" />
              </lines>
            </method>
            <method name="get_PagesDiscovered" signature="()" line-rate="1" branch-rate="1" complexity="1">
              <lines>
                <line number="33" hits="2" branch="False" />
              </lines>
            </method>
            <method name="get_PagesScanned" signature="()" line-rate="1" branch-rate="1" complexity="1">
              <lines>
                <line number="38" hits="2" branch="False" />
              </lines>
            </method>
            <method name="get_NonWebPImagesFound" signature="()" line-rate="1" branch-rate="1" complexity="1">
              <lines>
                <line number="43" hits="2" branch="False" />
              </lines>
            </method>
            <method name="get_CreatedAt" signature="()" line-rate="1" branch-rate="1" complexity="1">
              <lines>
                <line number="48" hits="2" branch="False" />
              </lines>
            </method>
            <method name="get_StartedAt" signature="()" line-rate="1" branch-rate="1" complexity="1">
              <lines>
                <line number="53" hits="2" branch="False" />
              </lines>
            </method>
            <method name="get_CompletedAt" signature="()" line-rate="1" branch-rate="1" complexity="1">
              <lines>
                <line number="58" hits="2" branch="False" />
              </lines>
            </method>
            <method name="get_ErrorMessage" signature="()" line-rate="1" branch-rate="1" complexity="1">
              <lines>
                <line number="63" hits="2" branch="False" />
              </lines>
            </method>
          </methods>
          <lines>
            <line number="13" hits="2" branch="False" />
            <line number="18" hits="2" branch="False" />
            <line number="23" hits="2" branch="False" />
            <line number="28" hits="3" branch="False" />
            <line number="33" hits="2" branch="False" />
            <line number="38" hits="2" branch="False" />
            <line number="43" hits="2" branch="False" />
            <line number="48" hits="2" branch="False" />
            <line number="53" hits="2" branch="False" />
            <line number="58" hits="2" branch="False" />
            <line number="63" hits="2" branch="False" />
          </lines>
        </class>
        <class name="WebPScanner.Core.DTOs.ValidationErrorDto" filename="DTOs/ValidationErrorDto.cs" line-rate="1" branch-rate="1" complexity="4">
          <methods>
            <method name="get_Success" signature="()" line-rate="1" branch-rate="1" complexity="1">
              <lines>
                <line number="11" hits="3" branch="False" />
              </lines>
            </method>
            <method name="get_Errors" signature="()" line-rate="1" branch-rate="1" complexity="1">
              <lines>
                <line number="16" hits="11" branch="False" />
              </lines>
            </method>
            <method name="FromErrors" signature="(System.Collections.Generic.IEnumerable`1&lt;System.String&gt;)" line-rate="1" branch-rate="1" complexity="1">
              <lines>
                <line number="18" hits="1" branch="False" />
                <line number="19" hits="1" branch="False" />
                <line number="20" hits="1" branch="False" />
                <line number="21" hits="1" branch="False" />
              </lines>
            </method>
            <method name="FromError" signature="(System.String)" line-rate="1" branch-rate="1" complexity="1">
              <lines>
                <line number="23" hits="1" branch="False" />
                <line number="24" hits="1" branch="False" />
                <line number="25" hits="1" branch="False" />
                <line number="26" hits="1" branch="False" />
              </lines>
            </method>
          </methods>
          <lines>
            <line number="11" hits="3" branch="False" />
            <line number="16" hits="11" branch="False" />
            <line number="18" hits="1" branch="False" />
            <line number="19" hits="1" branch="False" />
            <line number="20" hits="1" branch="False" />
            <line number="21" hits="1" branch="False" />
            <line number="23" hits="1" branch="False" />
            <line number="24" hits="1" branch="False" />
            <line number="25" hits="1" branch="False" />
            <line number="26" hits="1" branch="False" />
          </lines>
        </class>
        <class name="WebPScanner.Core.Configuration.CrawlerOptions" filename="Configuration/CrawlerOptions.cs" line-rate="1" branch-rate="1" complexity="14">
          <methods>
            <method name="get_MaxPagesPerScan" signature="()" line-rate="1" branch-rate="1" complexity="1">
              <lines>
                <line number="13" hits="243" branch="False" />
              </lines>
            </method>
            <method name="get_PageTimeoutSeconds" signature="()" line-rate="1" branch-rate="1" complexity="1">
              <lines>
                <line number="18" hits="243" branch="False" />
              </lines>
            </method>
            <method name="get_NetworkIdleTimeoutMs" signature="()" line-rate="1" branch-rate="1" complexity="1">
              <lines>
                <line number="23" hits="243" branch="False" />
              </lines>
            </method>
            <method name="get_DelayBetweenPagesMs" signature="()" line-rate="1" branch-rate="1" complexity="1">
              <lines>
                <line number="28" hits="243" branch="False" />
              </lines>
            </method>
            <method name="get_MaxRetries" signature="()" line-rate="1" branch-rate="1" complexity="1">
              <lines>
                <line number="33" hits="243" branch="False" />
              </lines>
            </method>
            <method name="get_RespectRobotsTxt" signature="()" line-rate="1" branch-rate="1" complexity="1">
              <lines>
                <line number="38" hits="243" branch="False" />
              </lines>
            </method>
            <method name="get_ChromiumPath" signature="()" line-rate="1" branch-rate="1" complexity="1">
              <lines>
                <line number="43" hits="3" branch="False" />
              </lines>
            </method>
            <method name="get_UserAgent" signature="()" line-rate="1" branch-rate="1" complexity="1">
              <lines>
                <line number="48" hits="247" branch="False" />
              </lines>
            </method>
            <method name="get_EnableSandbox" signature="()" line-rate="1" branch-rate="1" complexity="1">
              <lines>
                <line number="53" hits="194" branch="False" />
              </lines>
            </method>
            <method name="get_RestrictToTargetDomain" signature="()" line-rate="1" branch-rate="1" complexity="1">
              <lines>
                <line number="58" hits="194" branch="False" />
              </lines>
            </method>
            <method name="get_MaxRequestSizeBytes" signature="()" line-rate="1" branch-rate="1" complexity="1">
              <lines>
                <line number="63" hits="194" branch="False" />
              </lines>
            </method>
            <method name="get_MaxRequestsPerPage" signature="()" line-rate="1" branch-rate="1" complexity="1">
              <lines>
                <line number="68" hits="194" branch="False" />
              </lines>
            </method>
            <method name="get_BlockTrackingDomains" signature="()" line-rate="1" branch-rate="1" complexity="1">
              <lines>
                <line number="73" hits="194" branch="False" />
              </lines>
            </method>
            <method name="get_AllowedExternalDomains" signature="()" line-rate="1" branch-rate="1" complexity="1">
              <lines>
                <line number="78" hits="130" branch="False" />
              </lines>
            </method>
          </methods>
          <lines>
            <line number="13" hits="243" branch="False" />
            <line number="18" hits="243" branch="False" />
            <line number="23" hits="243" branch="False" />
            <line number="28" hits="243" branch="False" />
            <line number="33" hits="243" branch="False" />
            <line number="38" hits="243" branch="False" />
            <line number="43" hits="3" branch="False" />
            <line number="48" hits="247" branch="False" />
            <line number="53" hits="194" branch="False" />
            <line number="58" hits="194" branch="False" />
            <line number="63" hits="194" branch="False" />
            <line number="68" hits="194" branch="False" />
            <line number="73" hits="194" branch="False" />
            <line number="78" hits="130" branch="False" />
          </lines>
        </class>
        <class name="WebPScanner.Core.Configuration.EmailOptions" filename="Configuration/EmailOptions.cs" line-rate="1" branch-rate="1" complexity="7">
          <methods>
            <method name="get_ApiKey" signature="()" line-rate="1" branch-rate="1" complexity="1">
              <lines>
                <line number="16" hits="8" branch="False" />
              </lines>
            </method>
            <method name="get_FromEmail" signature="()" line-rate="1" branch-rate="1" complexity="1">
              <lines>
                <line number="21" hits="70" branch="False" />
              </lines>
            </method>
            <method name="get_FromName" signature="()" line-rate="1" branch-rate="1" complexity="1">
              <lines>
                <line number="26" hits="70" branch="False" />
              </lines>
            </method>
            <method name="get_MaxRetries" signature="()" line-rate="1" branch-rate="1" complexity="1">
              <lines>
                <line number="31" hits="70" branch="False" />
              </lines>
            </method>
            <method name="get_RetryDelayMinutes" signature="()" line-rate="1" branch-rate="1" complexity="1">
              <lines>
                <line number="36" hits="76" branch="False" />
              </lines>
            </method>
            <method name="get_Enabled" signature="()" line-rate="1" branch-rate="1" complexity="1">
              <lines>
                <line number="41" hits="80" branch="False" />
              </lines>
            </method>
            <method name="get_MaxAttachmentSizeMb" signature="()" line-rate="1" branch-rate="1" complexity="1">
              <lines>
                <line number="46" hits="69" branch="False" />
              </lines>
            </method>
          </methods>
          <lines>
            <line number="16" hits="8" branch="False" />
            <line number="21" hits="70" branch="False" />
            <line number="26" hits="70" branch="False" />
            <line number="31" hits="70" branch="False" />
            <line number="36" hits="76" branch="False" />
            <line number="41" hits="80" branch="False" />
            <line number="46" hits="69" branch="False" />
          </lines>
        </class>
        <class name="WebPScanner.Core.Configuration.QueueOptions" filename="Configuration/QueueOptions.cs" line-rate="1" branch-rate="1" complexity="7">
          <methods>
            <method name="get_MaxConcurrentScans" signature="()" line-rate="1" branch-rate="1" complexity="1">
              <lines>
                <line number="10" hits="103" branch="False" />
              </lines>
            </method>
            <method name="get_MaxQueueSize" signature="()" line-rate="1" branch-rate="1" complexity="1">
              <lines>
                <line number="15" hits="99" branch="False" />
              </lines>
            </method>
            <method name="get_MaxQueuedJobsPerIp" signature="()" line-rate="1" branch-rate="1" complexity="1">
              <lines>
                <line number="20" hits="99" branch="False" />
              </lines>
            </method>
            <method name="get_FairnessPenaltySeconds" signature="()" line-rate="1" branch-rate="1" complexity="1">
              <lines>
                <line number="25" hits="110" branch="False" />
              </lines>
            </method>
            <method name="get_PriorityAgingBoostSeconds" signature="()" line-rate="1" branch-rate="1" complexity="1">
              <lines>
                <line number="30" hits="98" branch="False" />
              </lines>
            </method>
            <method name="get_CooldownAfterScanSeconds" signature="()" line-rate="1" branch-rate="1" complexity="1">
              <lines>
                <line number="35" hits="98" branch="False" />
              </lines>
            </method>
            <method name="get_ProcessingIntervalSeconds" signature="()" line-rate="1" branch-rate="1" complexity="1">
              <lines>
                <line number="40" hits="95" branch="False" />
              </lines>
            </method>
          </methods>
          <lines>
            <line number="10" hits="103" branch="False" />
            <line number="15" hits="99" branch="False" />
            <line number="20" hits="99" branch="False" />
            <line number="25" hits="110" branch="False" />
            <line number="30" hits="98" branch="False" />
            <line number="35" hits="98" branch="False" />
            <line number="40" hits="95" branch="False" />
          </lines>
        </class>
        <class name="WebPScanner.Core.Configuration.SecurityOptions" filename="Configuration/SecurityOptions.cs" line-rate="1" branch-rate="1" complexity="9">
          <methods>
            <method name="get_MaxRequestsPerMinute" signature="()" line-rate="1" branch-rate="1" complexity="1">
              <lines>
                <line number="13" hits="11" branch="False" />
              </lines>
            </method>
            <method name="get_MaxRequestsPerHour" signature="()" line-rate="1" branch-rate="1" complexity="1">
              <lines>
                <line number="18" hits="11" branch="False" />
              </lines>
            </method>
            <method name="get_EnforceHttps" signature="()" line-rate="1" branch-rate="1" complexity="1">
              <lines>
                <line number="23" hits="11" branch="False" />
              </lines>
            </method>
            <method name="get_RateLimitWindowMinutes" signature="()" line-rate="1" branch-rate="1" complexity="1">
              <lines>
                <line number="28" hits="11" branch="False" />
              </lines>
            </method>
            <method name="get_MaxScanDurationMinutes" signature="()" line-rate="1" branch-rate="1" complexity="1">
              <lines>
                <line number="33" hits="11" branch="False" />
              </lines>
            </method>
            <method name="get_MaxMemoryPerScanMb" signature="()" line-rate="1" branch-rate="1" complexity="1">
              <lines>
                <line number="38" hits="11" branch="False" />
              </lines>
            </method>
            <method name="get_RateLimitExemptIps" signature="()" line-rate="1" branch-rate="1" complexity="1">
              <lines>
                <line number="43" hits="14" branch="False" />
              </lines>
            </method>
            <method name="get_EnableRequestSizeLimit" signature="()" line-rate="1" branch-rate="1" complexity="1">
              <lines>
                <line number="48" hits="11" branch="False" />
              </lines>
            </method>
            <method name="get_MaxRequestBodySizeBytes" signature="()" line-rate="1" branch-rate="1" complexity="1">
              <lines>
                <line number="53" hits="11" branch="False" />
              </lines>
            </method>
          </methods>
          <lines>
            <line number="13" hits="11" branch="False" />
            <line number="18" hits="11" branch="False" />
            <line number="23" hits="11" branch="False" />
            <line number="28" hits="11" branch="False" />
            <line number="33" hits="11" branch="False" />
            <line number="38" hits="11" branch="False" />
            <line number="43" hits="14" branch="False" />
            <line number="48" hits="11" branch="False" />
            <line number="53" hits="11" branch="False" />
          </lines>
        </class>
      </classes>
    </package>
  </packages>
</coverage>